Running run file
Fetching updates from GIT
No update available.
run.sh ran Successfully 
Running cron file at Fri Apr 19 01:16:54 IST 2019
Fetching updates from GIT at Fri Apr 19 01:16:54 IST 2019
No update available at Fri Apr 19 01:16:55 IST 2019
run.sh ran Successfully at Fri Apr 19 01:16:55 IST 2019
Running cron file at Fri Apr 19 01:17:18 IST 2019
Fetching updates from GIT at Fri Apr 19 01:17:18 IST 2019
No update available at Fri Apr 19 01:17:20 IST 2019
run.sh ran Successfully at Fri Apr 19 01:17:20 IST 2019
Running cron file at Fri Apr 19 01:18:50 IST 2019
Fetching updates from GIT at Fri Apr 19 01:18:50 IST 2019
No update available at Fri Apr 19 01:18:52 IST 2019
run.sh ran Successfully at Fri Apr 19 01:18:52 IST 2019
Running cron file at Fri Apr 19 01:19:04 IST 2019
Fetching updates from GIT at Fri Apr 19 01:19:04 IST 2019
No update available at Fri Apr 19 01:19:06 IST 2019
run.sh ran Successfully at Fri Apr 19 01:19:06 IST 2019
Running cron file at Fri Apr 19 01:20:29 IST 2019
Fetching updates from GIT at Fri Apr 19 01:20:29 IST 2019
No update available at Fri Apr 19 01:20:30 IST 2019
run.sh ran Successfully at Fri Apr 19 01:20:30 IST 2019
Running cron file at Fri Apr 19 01:20:47 IST 2019
Fetching updates from GIT at Fri Apr 19 01:20:47 IST 2019
No update available at Fri Apr 19 01:20:50 IST 2019
run.sh ran Successfully at Fri Apr 19 01:20:50 IST 2019
Running cron file at Fri Apr 19 01:22:14 IST 2019
Fetching updates from GIT at Fri Apr 19 01:22:14 IST 2019
No update available at Fri Apr 19 01:22:16 IST 2019
run.sh ran Successfully at Fri Apr 19 01:22:16 IST 2019
Running cron file at Fri Apr 19 01:24:01 IST 2019
Fetching updates from GIT at Fri Apr 19 01:24:01 IST 2019
No update available at Fri Apr 19 01:24:03 IST 2019
run.sh ran Successfully at Fri Apr 19 01:24:03 IST 2019
Running cron file at Fri Apr 19 01:31:01 IST 2019
Fetching updates from GIT at Fri Apr 19 01:31:01 IST 2019
Running main.sh file
Code updated Successfully 
